[2026-03-23 15:30:01] TO: conghai724@gmail.com
SUBJECT: [Cooking Website] Xác nhận đổi email
Xác nhận đổi emailXác nhận đổi emailXin chào haha,Bạn vừa yêu cầu đổi email đăng nhập cho tài khoản Cooking Website.Xác nhận email mớiHoặc mở liên kết này trong trình duyệt:/cooking_website/public/profile/verify-email-change?token=a5e7eec60074428a084dfb989dcb2ed9341d7af0735203b853e6790ceed55d03Liên kết sẽ hết hạn sau 30 phút.Nếu không phải bạn thực hiện, hãy bỏ qua email này.
----
[2026-03-23 16:09:35] TO: conghai724@gmail.com
SUBJECT: [SMTP ERROR]
SMTP lỗi: 535 5.7.8 Authentication failed
----
[2026-03-23 16:09:35] TO: conghai724@gmail.com
SUBJECT: [Cooking Website] Xác nhận đổi email
Xin chào haha,

Bạn vừa yêu cầu đổi email đăng nhập cho tài khoản Cooking Website.
Xác nhận tại: /cooking_website/public/profile/verify-email-change?token=305d32bdafad6938daf7fe5b2225e494c0f68f6fb4855599e8586e1993e1ba96
Liên kết hết hạn sau 30 phút.
Nếu không phải bạn thực hiện, hãy bỏ qua email này.

----
[2026-03-23 16:09:37] TO: conghai724@gmail.com
SUBJECT: [SMTP ERROR]
SMTP lỗi: 535 5.7.8 Authentication failed
----
[2026-03-23 16:09:37] TO: conghai724@gmail.com
SUBJECT: [Cooking Website] Xác nhận đổi email
Xin chào haha,

Bạn vừa yêu cầu đổi email đăng nhập cho tài khoản Cooking Website.
Xác nhận tại: /cooking_website/public/profile/verify-email-change?token=96d251e27557888ff0d5cab733111f571ac179280c001f15a784835c8aebfab5
Liên kết hết hạn sau 30 phút.
Nếu không phải bạn thực hiện, hãy bỏ qua email này.

----
[2026-03-23 16:16:43] TO: conghai724@gmail.com
SUBJECT: [SMTP ERROR]
SMTP lỗi: 535 5.7.8 Authentication failed
----
[2026-03-23 16:16:43] TO: conghai724@gmail.com
SUBJECT: [Cooking Website] Xác nhận đổi email
Xin chào haha,

Bạn vừa yêu cầu đổi email đăng nhập cho tài khoản Cooking Website.
Xác nhận tại: /cooking_website/public/profile/verify-email-change?token=4cecb0e34da0e5c523793ead6fa31b9edb31c1ee7defe5dec455a63b5c5ccf3b
Liên kết hết hạn sau 30 phút.
Nếu không phải bạn thực hiện, hãy bỏ qua email này.

----
[2026-03-23 16:16:46] TO: conghai724@gmail.com
SUBJECT: [SMTP ERROR]
SMTP lỗi: 535 5.7.8 Authentication failed
----
[2026-03-23 16:16:46] TO: conghai724@gmail.com
SUBJECT: [Cooking Website] Xác nhận đổi email
Xin chào haha,

Bạn vừa yêu cầu đổi email đăng nhập cho tài khoản Cooking Website.
Xác nhận tại: /cooking_website/public/profile/verify-email-change?token=4151af4604508861efeec17c6fc91f90af5f024b9e9845b7dcc8d3a6285109e7
Liên kết hết hạn sau 30 phút.
Nếu không phải bạn thực hiện, hãy bỏ qua email này.

----
[2026-03-23 16:29:56] TO: conghai724@gmail.com
SUBJECT: [SMTP ERROR]
SMTP lỗi: 502 5.7.0 Your SMTP account is not yet activated. Please contact us at contact@sendinblue.com to request activation.
----
[2026-03-23 16:29:56] TO: conghai724@gmail.com
SUBJECT: [Cooking Website] Xác nhận đổi email
Xin chào haha,

Bạn vừa yêu cầu đổi email đăng nhập cho tài khoản Cooking Website.
Xác nhận tại: /cooking_website/public/profile/verify-email-change?token=4de76f745a00f35b41f10fc755e1bc167d231f401fbf56f995fe40c7365e8871
Liên kết hết hạn sau 30 phút.
Nếu không phải bạn thực hiện, hãy bỏ qua email này.

----
[2026-03-23 16:29:58] TO: conghai724@gmail.com
SUBJECT: [SMTP ERROR]
SMTP lỗi: 502 5.7.0 Your SMTP account is not yet activated. Please contact us at contact@sendinblue.com to request activation.
----
[2026-03-23 16:29:58] TO: conghai724@gmail.com
SUBJECT: [Cooking Website] Xác nhận đổi email
Xin chào haha,

Bạn vừa yêu cầu đổi email đăng nhập cho tài khoản Cooking Website.
Xác nhận tại: /cooking_website/public/profile/verify-email-change?token=b83a2d5be9a88ccf03c14b83a045942bd83ab7db55ecb8971afe7448097ae586
Liên kết hết hạn sau 30 phút.
Nếu không phải bạn thực hiện, hãy bỏ qua email này.

----
[2026-03-23 16:37:07] TO: conghai724@gmail.com
SUBJECT: [SMTP ERROR]
SMTP lỗi: 502 5.7.0 Your SMTP account is not yet activated. Please contact us at contact@sendinblue.com to request activation.
----
[2026-03-23 16:37:07] TO: conghai724@gmail.com
SUBJECT: [Cooking Website] Xác nhận đổi email
Xin chào haha,

Bạn vừa yêu cầu đổi email đăng nhập cho tài khoản Cooking Website.
Xác nhận tại: /cooking_website/public/profile/verify-email-change?token=5455f5baa142b5783e5a1efa5a3f80407de4da6f377e1031c811b969ff954f8b
Liên kết hết hạn sau 30 phút.
Nếu không phải bạn thực hiện, hãy bỏ qua email này.

----
[2026-03-23 16:56:54] TO: conghai724@gmail.com
SUBJECT: [SMTP ERROR]
SMTP lỗi: 502 5.7.0 Your SMTP account is not yet activated. Please contact us at contact@sendinblue.com to request activation.
----
[2026-03-23 16:56:54] TO: conghai724@gmail.com
SUBJECT: [Cooking Website] Xác nhận đổi email
Xin chào haha,

Bạn vừa yêu cầu đổi email đăng nhập cho tài khoản Cooking Website.
Xác nhận tại: /cooking_website/public/profile/verify-email-change?token=ddc7a0cc55cc2dddb823f174b2a6ae136751a61a5aa6467a35999e5fb39b02fe
Liên kết hết hạn sau 30 phút.
Nếu không phải bạn thực hiện, hãy bỏ qua email này.

----
[2026-03-23 17:03:22] TO: conghai724@gmail.com
SUBJECT: [SMTP ERROR]
SMTP lỗi: 502 5.7.0 Your SMTP account is not yet activated. Please contact us at contact@sendinblue.com to request activation.
----
[2026-03-23 17:03:22] TO: conghai724@gmail.com
SUBJECT: [Cooking Website] Xác nhận đổi email
Xin chào haha,

Bạn vừa yêu cầu đổi email đăng nhập cho tài khoản Cooking Website.
Xác nhận tại: http://localhost/cooking_website/public/profile/verify-email-change?token=b73acc831dc7e5f45cf6583e8c4140dcf7290ef8976b03407664aa165e171387
Liên kết hết hạn sau 30 phút.
Nếu không phải bạn thực hiện, hãy bỏ qua email này.

----
[2026-04-11 08:45:14] TO: conghai724@gmail.com
SUBJECT: [Cooking Website] Đặt lại mật khẩu
Xin chào haha,

Bạn vừa yêu cầu đặt lại mật khẩu cho tài khoản Cooking Website.
Mở liên kết sau để tiếp tục: http://localhost/reset-password?token=cccd50e9d8f2e3d3a667e2936d564e1977428f7886b6a10f793c436dbb063775
Liên kết sẽ hết hạn sau 30 phút.
Nếu bạn không yêu cầu, hãy bỏ qua email này.

----
[2026-04-11 08:45:19] TO: conghai724@gmail.com
SUBJECT: [Cooking Website] Đặt lại mật khẩu
Xin chào haha,

Bạn vừa yêu cầu đặt lại mật khẩu cho tài khoản Cooking Website.
Mở liên kết sau để tiếp tục: http://localhost/reset-password?token=f3bd60443f9d878c2e09586b3d50e452f94234de73731d83c1d55a5b44aee7d2
Liên kết sẽ hết hạn sau 30 phút.
Nếu bạn không yêu cầu, hãy bỏ qua email này.

----
[2026-04-11 08:45:24] TO: conghai724@gmail.com
SUBJECT: [Cooking Website] Đặt lại mật khẩu
Xin chào haha,

Bạn vừa yêu cầu đặt lại mật khẩu cho tài khoản Cooking Website.
Mở liên kết sau để tiếp tục: http://localhost/reset-password?token=0ea2036ec33e86a90678f053ca71e1d7fe7de09a22d063d50a5161354715f232
Liên kết sẽ hết hạn sau 30 phút.
Nếu bạn không yêu cầu, hãy bỏ qua email này.

----
[2026-04-11 08:45:29] TO: conghai724@gmail.com
SUBJECT: [Cooking Website] Đặt lại mật khẩu
Xin chào haha,

Bạn vừa yêu cầu đặt lại mật khẩu cho tài khoản Cooking Website.
Mở liên kết sau để tiếp tục: http://localhost/reset-password?token=70d1a9a23016427322b4445eaf01ecf5802844311b280bf6c525438398f83640
Liên kết sẽ hết hạn sau 30 phút.
Nếu bạn không yêu cầu, hãy bỏ qua email này.

----
[2026-04-11 08:45:33] TO: conghai724@gmail.com
SUBJECT: [Cooking Website] Đặt lại mật khẩu
Xin chào haha,

Bạn vừa yêu cầu đặt lại mật khẩu cho tài khoản Cooking Website.
Mở liên kết sau để tiếp tục: http://localhost/reset-password?token=77b1d5e3c0c1b0659af35a307b374a857a8347af103bbe06a1fd75c07a5510fc
Liên kết sẽ hết hạn sau 30 phút.
Nếu bạn không yêu cầu, hãy bỏ qua email này.

----
[2026-04-11 08:45:39] TO: conghai724@gmail.com
SUBJECT: [Cooking Website] Đặt lại mật khẩu
Xin chào haha,

Bạn vừa yêu cầu đặt lại mật khẩu cho tài khoản Cooking Website.
Mở liên kết sau để tiếp tục: http://localhost/reset-password?token=4e10b12eb93445fb6f9b4bf1ef3622ab4cbe1bf2899b7819cab26035ccef13c2
Liên kết sẽ hết hạn sau 30 phút.
Nếu bạn không yêu cầu, hãy bỏ qua email này.

----
[2026-04-11 08:45:44] TO: conghai724@gmail.com
SUBJECT: [Cooking Website] Đặt lại mật khẩu
Xin chào haha,

Bạn vừa yêu cầu đặt lại mật khẩu cho tài khoản Cooking Website.
Mở liên kết sau để tiếp tục: http://localhost/reset-password?token=9e4ed9eda2f038e465614e5911d24700fce99d8082b2d9c40e929fa5d265d660
Liên kết sẽ hết hạn sau 30 phút.
Nếu bạn không yêu cầu, hãy bỏ qua email này.

----
[2026-04-11 08:45:48] TO: conghai724@gmail.com
SUBJECT: [Cooking Website] Đặt lại mật khẩu
Xin chào haha,

Bạn vừa yêu cầu đặt lại mật khẩu cho tài khoản Cooking Website.
Mở liên kết sau để tiếp tục: http://localhost/reset-password?token=c1fe66570950bfc49a99d748d93c13a5cce902d9ab333f54172b2538dcb30392
Liên kết sẽ hết hạn sau 30 phút.
Nếu bạn không yêu cầu, hãy bỏ qua email này.

----
[2026-04-11 08:45:52] TO: conghai724@gmail.com
SUBJECT: [Cooking Website] Đặt lại mật khẩu
Xin chào haha,

Bạn vừa yêu cầu đặt lại mật khẩu cho tài khoản Cooking Website.
Mở liên kết sau để tiếp tục: http://localhost/reset-password?token=b8ec80db44f770564929408eb97fa3c15c8e3d101d5995a14e75a7d1d463786b
Liên kết sẽ hết hạn sau 30 phút.
Nếu bạn không yêu cầu, hãy bỏ qua email này.

----
[2026-04-11 08:45:56] TO: conghai724@gmail.com
SUBJECT: [Cooking Website] Đặt lại mật khẩu
Xin chào haha,

Bạn vừa yêu cầu đặt lại mật khẩu cho tài khoản Cooking Website.
Mở liên kết sau để tiếp tục: http://localhost/reset-password?token=58ee2cb58eec74554f37591c130bec9b6a43fce2e7d0d72742e289333e435fb7
Liên kết sẽ hết hạn sau 30 phút.
Nếu bạn không yêu cầu, hãy bỏ qua email này.

----
[2026-04-11 08:46:01] TO: conghai724@gmail.com
SUBJECT: [Cooking Website] Đặt lại mật khẩu
Xin chào haha,

Bạn vừa yêu cầu đặt lại mật khẩu cho tài khoản Cooking Website.
Mở liên kết sau để tiếp tục: http://localhost/reset-password?token=770dccac61029430832802af1cec0e869ab4c6fe862b1e81ab1aec701df7e282
Liên kết sẽ hết hạn sau 30 phút.
Nếu bạn không yêu cầu, hãy bỏ qua email này.

----
[2026-04-11 08:46:05] TO: conghai724@gmail.com
SUBJECT: [Cooking Website] Đặt lại mật khẩu
Xin chào haha,

Bạn vừa yêu cầu đặt lại mật khẩu cho tài khoản Cooking Website.
Mở liên kết sau để tiếp tục: http://localhost/reset-password?token=1a8b2e9c28743c83436cce7f105dfae7ed98f209a8ebc5574b0ba9ca797c382e
Liên kết sẽ hết hạn sau 30 phút.
Nếu bạn không yêu cầu, hãy bỏ qua email này.

----
[2026-04-11 08:46:09] TO: conghai724@gmail.com
SUBJECT: [Cooking Website] Đặt lại mật khẩu
Xin chào haha,

Bạn vừa yêu cầu đặt lại mật khẩu cho tài khoản Cooking Website.
Mở liên kết sau để tiếp tục: http://localhost/reset-password?token=c21c98b802cb360f97a713b1da3fd994c6419d2d1c0d1a1ef3fbfb7e305a30aa
Liên kết sẽ hết hạn sau 30 phút.
Nếu bạn không yêu cầu, hãy bỏ qua email này.

----
[2026-04-11 08:46:13] TO: conghai724@gmail.com
SUBJECT: [Cooking Website] Đặt lại mật khẩu
Xin chào haha,

Bạn vừa yêu cầu đặt lại mật khẩu cho tài khoản Cooking Website.
Mở liên kết sau để tiếp tục: http://localhost/reset-password?token=041a36348a64c1ae52543a7584b5abf7b146d755ead67126831bb0ae4504c0a3
Liên kết sẽ hết hạn sau 30 phút.
Nếu bạn không yêu cầu, hãy bỏ qua email này.

----
[2026-04-11 08:46:17] TO: conghai724@gmail.com
SUBJECT: [Cooking Website] Đặt lại mật khẩu
Xin chào haha,

Bạn vừa yêu cầu đặt lại mật khẩu cho tài khoản Cooking Website.
Mở liên kết sau để tiếp tục: http://localhost/reset-password?token=e7f31ef3bc0266b4c4c72cfc1f0ee5a3c4ed826311feedba293d09d04f1f6eb7
Liên kết sẽ hết hạn sau 30 phút.
Nếu bạn không yêu cầu, hãy bỏ qua email này.

----
[2026-04-11 08:46:21] TO: conghai724@gmail.com
SUBJECT: [Cooking Website] Đặt lại mật khẩu
Xin chào haha,

Bạn vừa yêu cầu đặt lại mật khẩu cho tài khoản Cooking Website.
Mở liên kết sau để tiếp tục: http://localhost/reset-password?token=33c79cb3b7c1e0c8452315bf9bed57e170b0288d4b0682ab9ba8fd55e0b64d14
Liên kết sẽ hết hạn sau 30 phút.
Nếu bạn không yêu cầu, hãy bỏ qua email này.

----
[2026-04-11 08:46:25] TO: conghai724@gmail.com
SUBJECT: [Cooking Website] Đặt lại mật khẩu
Xin chào haha,

Bạn vừa yêu cầu đặt lại mật khẩu cho tài khoản Cooking Website.
Mở liên kết sau để tiếp tục: http://localhost/reset-password?token=28ab602e9992cb7db48ba69ae321fc7f0b6ca3e7bab44e812ebd9dca0217be01
Liên kết sẽ hết hạn sau 30 phút.
Nếu bạn không yêu cầu, hãy bỏ qua email này.

----
[2026-04-11 08:46:30] TO: conghai724@gmail.com
SUBJECT: [Cooking Website] Đặt lại mật khẩu
Xin chào haha,

Bạn vừa yêu cầu đặt lại mật khẩu cho tài khoản Cooking Website.
Mở liên kết sau để tiếp tục: http://localhost/reset-password?token=e655db3cc32d1252e0e655aad5c7dd1a1f49c19adbf28bd69d9bf59253341778
Liên kết sẽ hết hạn sau 30 phút.
Nếu bạn không yêu cầu, hãy bỏ qua email này.

----
[2026-04-11 08:46:34] TO: conghai724@gmail.com
SUBJECT: [Cooking Website] Đặt lại mật khẩu
Xin chào haha,

Bạn vừa yêu cầu đặt lại mật khẩu cho tài khoản Cooking Website.
Mở liên kết sau để tiếp tục: http://localhost/reset-password?token=041a51053d65de396154597143532a965ff17cf31ef1a42baef19205fdcf1e6c
Liên kết sẽ hết hạn sau 30 phút.
Nếu bạn không yêu cầu, hãy bỏ qua email này.

----
[2026-04-11 08:47:34] TO: conghai724@gmail.com
SUBJECT: [Cooking Website] Đặt lại mật khẩu
Xin chào haha,

Bạn vừa yêu cầu đặt lại mật khẩu cho tài khoản Cooking Website.
Mở liên kết sau để tiếp tục: http://localhost/cooking_website/public/reset-password?token=7ee2194d00c837555bf9f2c0987288b03a29328d602f14c2f7c0a6fe24cfe58e
Liên kết sẽ hết hạn sau 30 phút.
Nếu bạn không yêu cầu, hãy bỏ qua email này.

----
[2026-04-11 08:50:00] TO: conghai724@gmail.com
SUBJECT: [Cooking Website] Đặt lại mật khẩu
Xin chào haha,

Bạn vừa yêu cầu đặt lại mật khẩu cho tài khoản Cooking Website.
Mở liên kết sau để tiếp tục: http://localhost/cooking_website/public/reset-password?token=8319b885435d1373547939c79929362a80ce46068bec9546e8e3ab348fae8428
Liên kết sẽ hết hạn sau 30 phút.
Nếu bạn không yêu cầu, hãy bỏ qua email này.

----
[2026-04-11 08:50:45] TO: conghai724@gmail.com
SUBJECT: [Cooking Website] Đặt lại mật khẩu
Xin chào haha,

Bạn vừa yêu cầu đặt lại mật khẩu cho tài khoản Cooking Website.
Mở liên kết sau để tiếp tục: http://localhost/cooking_website/public/reset-password?token=398d064b4a34cef34edaa4df02b417a9b7f5309ee0b23f85f26890d010a38686
Liên kết sẽ hết hạn sau 30 phút.
Nếu bạn không yêu cầu, hãy bỏ qua email này.

----
[2026-04-11 08:52:51] TO: conghai724@gmail.com
SUBJECT: [Cooking Website] Đặt lại mật khẩu
Xin chào haha,

Bạn vừa yêu cầu đặt lại mật khẩu cho tài khoản Cooking Website.
Mở liên kết sau để tiếp tục: http://localhost/cooking_website/public/reset-password?token=15c89bcb897e7ec28eb6bf8557fbb0cbfde065983c287ce827c0d2d59f170252
Liên kết sẽ hết hạn sau 30 phút.
Nếu bạn không yêu cầu, hãy bỏ qua email này.

----
[2026-04-11 08:53:26] TO: nchai.k22@kontum.udn.vn
SUBJECT: [Cooking Website] Đặt lại mật khẩu
Xin chào hhhhhhhhhh,

Bạn vừa yêu cầu đặt lại mật khẩu cho tài khoản Cooking Website.
Mở liên kết sau để tiếp tục: http://localhost/cooking_website/public/reset-password?token=c8efa4ff5d0611115e83991e999d95dc6b0c0fcccf469a0f78ae81b4c02cb889
Liên kết sẽ hết hạn sau 30 phút.
Nếu bạn không yêu cầu, hãy bỏ qua email này.

----
[2026-04-11 09:10:35] TO: nchai.k22@kontum.udn.vn
SUBJECT: [Cooking Website] Đặt lại mật khẩu
Xin chào hhhhhhhhhh,

Bạn vừa yêu cầu đặt lại mật khẩu cho tài khoản Cooking Website.
Mở liên kết sau để tiếp tục: http://localhost/cooking_website/public/reset-password?token=c74b2fc81e537255354feb2f4dc6f862d62a9bea781a5489693fba24901d9017
Liên kết sẽ hết hạn sau 30 phút.
Nếu bạn không yêu cầu, hãy bỏ qua email này.

----
[2026-04-11 09:10:51] TO: nchai.k22@kontum.udn.vn
SUBJECT: [Cooking Website] Đặt lại mật khẩu
Xin chào hhhhhhhhhh,

Bạn vừa yêu cầu đặt lại mật khẩu cho tài khoản Cooking Website.
Mở liên kết sau để tiếp tục: http://localhost/cooking_website/public/reset-password?token=885ef74d898643d2f6c39f00102bdcc57ca6fc0faadf11b19f3106be71c0aeb9
Liên kết sẽ hết hạn sau 30 phút.
Nếu bạn không yêu cầu, hãy bỏ qua email này.

----
[2026-04-11 09:10:58] TO: nchai.k22@kontum.udn.vn
SUBJECT: [Cooking Website] Đặt lại mật khẩu
Xin chào hhhhhhhhhh,

Bạn vừa yêu cầu đặt lại mật khẩu cho tài khoản Cooking Website.
Mở liên kết sau để tiếp tục: http://localhost/cooking_website/public/reset-password?token=b7630cfe96c761b32c825679ca3c7075bc2bb13f8eb802d9bcb92eb9c1580abf
Liên kết sẽ hết hạn sau 30 phút.
Nếu bạn không yêu cầu, hãy bỏ qua email này.

----
[2026-04-11 09:11:07] TO: nchai.k22@kontum.udn.vn
SUBJECT: [Cooking Website] Đặt lại mật khẩu
Xin chào hhhhhhhhhh,

Bạn vừa yêu cầu đặt lại mật khẩu cho tài khoản Cooking Website.
Mở liên kết sau để tiếp tục: http://localhost/cooking_website/public/reset-password?token=3a9d2220f20b6c151ce3eed7bb3671f8e28fa8e2b95c0c747a1bc7c92049abf9
Liên kết sẽ hết hạn sau 30 phút.
Nếu bạn không yêu cầu, hãy bỏ qua email này.

----
[2026-04-11 09:11:22] TO: nchai.k22@kontum.udn.vn
SUBJECT: [Cooking Website] Đặt lại mật khẩu
Xin chào hhhhhhhhhh,

Bạn vừa yêu cầu đặt lại mật khẩu cho tài khoản Cooking Website.
Mở liên kết sau để tiếp tục: http://localhost/cooking_website/public/reset-password?token=332166ff3948b479b0f6f04cdf8638e3da608e418f5704b985eff8dbae503668
Liên kết sẽ hết hạn sau 30 phút.
Nếu bạn không yêu cầu, hãy bỏ qua email này.

----
[2026-04-11 09:11:34] TO: nchai.k22@kontum.udn.vn
SUBJECT: [Cooking Website] Đặt lại mật khẩu
Xin chào hhhhhhhhhh,

Bạn vừa yêu cầu đặt lại mật khẩu cho tài khoản Cooking Website.
Mở liên kết sau để tiếp tục: http://localhost/cooking_website/public/reset-password?token=0fd7ae929626f0d93e12c5b4d4d810dc290f5a01914a3c5793bacb6b5c9be241
Liên kết sẽ hết hạn sau 30 phút.
Nếu bạn không yêu cầu, hãy bỏ qua email này.

----
[2026-04-11 10:58:48] TO: conghai724@gmail.com
SUBJECT: [Cooking Website] Đặt lại mật khẩu
Xin chào haha,

Bạn vừa yêu cầu đặt lại mật khẩu cho tài khoản Cooking Website.
Mở liên kết sau để tiếp tục: http://localhost/cooking_website/public/reset-password?token=a2b416dd90ed33f3de0e700066596929a0774455508a112454c082c9126d09e0
Liên kết sẽ hết hạn sau 30 phút.
Nếu bạn không yêu cầu, hãy bỏ qua email này.

----
[2026-04-11 10:59:32] TO: conghai724@gmail.com
SUBJECT: [Cooking Website] Đặt lại mật khẩu
Xin chào haha,

Bạn vừa yêu cầu đặt lại mật khẩu cho tài khoản Cooking Website.
Mở liên kết sau để tiếp tục: http://localhost/cooking_website/public/reset-password?token=4a3344d83a60f925e0a88393d605ba1395e63b64f5326f196cc2646c3e194399
Liên kết sẽ hết hạn sau 30 phút.
Nếu bạn không yêu cầu, hãy bỏ qua email này.

----
